2019/36/26 11:36:08,719 INFO  DownloadUtilityLogger.FileLogger [32] sources value:  
2019/36/26 11:36:08,728 INFO  DownloadUtilityLogger.FileLogger [32] Delimiter config value: , 
2019/36/26 11:36:08,728 INFO  DownloadUtilityLogger.FileLogger [32] Sources parsing delimiter: , 
2019/36/26 11:36:08,728 INFO  DownloadUtilityLogger.FileLogger [32] LocalDirectory config value: C:\Temp\DownloadedFiles 
2019/38/26 11:38:42,969 INFO  DownloadUtilityLogger.FileLogger [32] sources value:  
2019/38/26 11:38:42,969 INFO  DownloadUtilityLogger.FileLogger [32] Delimiter config value: , 
2019/38/26 11:38:42,969 INFO  DownloadUtilityLogger.FileLogger [32] Sources parsing delimiter: , 
2019/38/26 11:38:42,969 INFO  DownloadUtilityLogger.FileLogger [32] LocalDirectory config value: C:\Temp\DownloadedFiles 
2019/45/26 11:45:58,959 INFO  DownloadUtilityLogger.FileLogger [38] sources value:  
2019/45/26 11:45:58,959 INFO  DownloadUtilityLogger.FileLogger [38] Delimiter config value: , 
2019/45/26 11:45:58,959 INFO  DownloadUtilityLogger.FileLogger [38] Sources parsing delimiter: , 
2019/45/26 11:45:58,959 INFO  DownloadUtilityLogger.FileLogger [38] LocalDirectory config value: C:\Temp\DownloadedFiles 
2019/46/26 11:46:10,659 INFO  DownloadUtilityLogger.FileLogger [32] sources value:  
2019/46/26 11:46:10,660 INFO  DownloadUtilityLogger.FileLogger [32] Delimiter config value: , 
2019/46/26 11:46:10,660 INFO  DownloadUtilityLogger.FileLogger [32] Sources parsing delimiter: , 
2019/46/26 11:46:10,660 INFO  DownloadUtilityLogger.FileLogger [32] LocalDirectory config value: C:\Temp\DownloadedFiles 
2019/46/26 11:46:46,880 INFO  DownloadUtilityLogger.FileLogger [32] sources value: ftp://speedtest.tele2.net/5MB.zip,https://www.everyarabstudent.com/img2017/top_more_retina.png 
2019/46/26 11:46:46,880 INFO  DownloadUtilityLogger.FileLogger [32] Delimiter config value: , 
2019/46/26 11:46:46,880 INFO  DownloadUtilityLogger.FileLogger [32] Sources parsing delimiter: , 
2019/46/26 11:46:46,880 INFO  DownloadUtilityLogger.FileLogger [32] LocalDirectory config value: C:\Temp\DownloadedFiles 
2019/46/26 11:46:46,880 INFO  DownloadUtilityLogger.FileLogger [32] sourses Urls counts after parsing: 2 
2019/46/26 11:46:46,888 INFO  DownloadUtilityLogger.FileLogger [47] tempFileDirPath: C:\Temp\DownloadedFiles 
2019/46/26 11:46:46,888 INFO  DownloadUtilityLogger.FileLogger [47] tempFileDir object is created. 
2019/46/26 11:46:46,888 INFO  DownloadUtilityLogger.FileLogger [32] tempFileDirPath: C:\Temp\DownloadedFiles 
2019/46/26 11:46:46,888 INFO  DownloadUtilityLogger.FileLogger [32] tempFileDir object is created. 
2019/46/26 11:46:47,365 INFO  DownloadUtilityLogger.FileLogger [47] BufferSize config value: 2048 
2019/46/26 11:46:47,394 INFO  DownloadUtilityLogger.FileLogger [47] Download file https://www.everyarabstudent.com/img2017/top_more_retina.png completed 
2019/46/26 11:46:47,394 INFO  DownloadUtilityLogger.FileLogger [47] Local path is: C:\Temp\DownloadedFiles for URL: https://www.everyarabstudent.com/img2017/top_more_retina.png  
2019/46/26 11:46:47,697 INFO  DownloadUtilityLogger.FileLogger [47] Source :https://www.everyarabstudent.com/img2017/top_more_retina.png saved to the database with status ready for processing 
2019/46/26 11:46:49,689 INFO  DownloadUtilityLogger.FileLogger [32] BufferSize config value: 2048 
2019/47/26 11:47:22,310 INFO  DownloadUtilityLogger.FileLogger [32] Download file ftp://speedtest.tele2.net/5MB.zip completed 
2019/47/26 11:47:22,310 INFO  DownloadUtilityLogger.FileLogger [32] Local path is: C:\Temp\DownloadedFiles for URL: ftp://speedtest.tele2.net/5MB.zip  
2019/47/26 11:47:22,337 INFO  DownloadUtilityLogger.FileLogger [32] Source :ftp://speedtest.tele2.net/5MB.zip saved to the database with status ready for processing 
2019/50/26 11:50:37,233 INFO  DownloadUtilityLogger.FileLogger [32] sources value: ftp://speedtest.tele2.net/5MB.zip,https://www.everyarabstudent.com/img2017/top_more_retina.png 
2019/50/26 11:50:37,233 INFO  DownloadUtilityLogger.FileLogger [32] Delimiter config value: , 
2019/50/26 11:50:37,234 INFO  DownloadUtilityLogger.FileLogger [32] Sources parsing delimiter: , 
2019/50/26 11:50:37,234 INFO  DownloadUtilityLogger.FileLogger [32] LocalDirectory config value: C:\Temp\DownloadedFiles 
2019/50/26 11:50:37,234 INFO  DownloadUtilityLogger.FileLogger [32] sourses Urls counts after parsing: 2 
2019/50/26 11:50:37,234 INFO  DownloadUtilityLogger.FileLogger [32] tempFileDirPath: C:\Temp\DownloadedFiles 
2019/50/26 11:50:37,234 INFO  DownloadUtilityLogger.FileLogger [32] tempFileDir object is created. 
2019/50/26 11:50:37,234 INFO  DownloadUtilityLogger.FileLogger [51] tempFileDirPath: C:\Temp\DownloadedFiles 
2019/50/26 11:50:37,234 INFO  DownloadUtilityLogger.FileLogger [51] tempFileDir object is created. 
2019/50/26 11:50:37,510 INFO  DownloadUtilityLogger.FileLogger [51] BufferSize config value: 2048 
2019/50/26 11:50:37,514 INFO  DownloadUtilityLogger.FileLogger [51] Download file https://www.everyarabstudent.com/img2017/top_more_retina.png completed 
2019/50/26 11:50:37,514 INFO  DownloadUtilityLogger.FileLogger [51] Local path is: C:\Temp\DownloadedFiles for URL: https://www.everyarabstudent.com/img2017/top_more_retina.png  
2019/50/26 11:50:37,529 INFO  DownloadUtilityLogger.FileLogger [51] Source :https://www.everyarabstudent.com/img2017/top_more_retina.png saved to the database with status ready for processing 
2019/50/26 11:50:38,520 INFO  DownloadUtilityLogger.FileLogger [32] BufferSize config value: 2048 
2019/51/26 11:51:10,548 INFO  DownloadUtilityLogger.FileLogger [32] Download file ftp://speedtest.tele2.net/5MB.zip completed 
2019/51/26 11:51:10,548 INFO  DownloadUtilityLogger.FileLogger [32] Local path is: C:\Temp\DownloadedFiles for URL: ftp://speedtest.tele2.net/5MB.zip  
2019/51/26 11:51:10,572 INFO  DownloadUtilityLogger.FileLogger [32] Source :ftp://speedtest.tele2.net/5MB.zip saved to the database with status ready for processing 
2019/51/26 11:51:34,047 INFO  DownloadUtilityLogger.FileLogger [58] sources value: ftp://speedtest.tele2.net/5MB.zip,https://www.everyarabstudent.com/img2017/top_more_retina.png 
2019/51/26 11:51:34,047 INFO  DownloadUtilityLogger.FileLogger [58] Delimiter config value: , 
2019/51/26 11:51:34,047 INFO  DownloadUtilityLogger.FileLogger [58] Sources parsing delimiter: , 
2019/51/26 11:51:34,047 INFO  DownloadUtilityLogger.FileLogger [58] LocalDirectory config value: C:\Temp\DownloadedFiles 
2019/51/26 11:51:34,047 INFO  DownloadUtilityLogger.FileLogger [58] sourses Urls counts after parsing: 2 
2019/51/26 11:51:34,047 INFO  DownloadUtilityLogger.FileLogger [58] tempFileDirPath: C:\Temp\DownloadedFiles 
2019/51/26 11:51:34,047 INFO  DownloadUtilityLogger.FileLogger [58] tempFileDir object is created. 
2019/51/26 11:51:34,048 INFO  DownloadUtilityLogger.FileLogger [52] tempFileDirPath: C:\Temp\DownloadedFiles 
2019/51/26 11:51:34,048 INFO  DownloadUtilityLogger.FileLogger [52] tempFileDir object is created. 
2019/51/26 11:51:35,616 INFO  DownloadUtilityLogger.FileLogger [58] BufferSize config value: 2048 
2019/51/26 11:51:36,553 INFO  DownloadUtilityLogger.FileLogger [52] BufferSize config value: 2048 
2019/51/26 11:51:36,556 INFO  DownloadUtilityLogger.FileLogger [52] Download file https://www.everyarabstudent.com/img2017/top_more_retina.png completed 
2019/51/26 11:51:36,556 INFO  DownloadUtilityLogger.FileLogger [52] Local path is: C:\Temp\DownloadedFiles for URL: https://www.everyarabstudent.com/img2017/top_more_retina.png  
2019/51/26 11:51:36,570 INFO  DownloadUtilityLogger.FileLogger [52] Source :https://www.everyarabstudent.com/img2017/top_more_retina.png saved to the database with status ready for processing 
2019/51/26 11:51:55,019 INFO  DownloadUtilityLogger.FileLogger [32] sources value:  
2019/51/26 11:51:55,019 INFO  DownloadUtilityLogger.FileLogger [32] Delimiter config value: , 
2019/51/26 11:51:55,019 INFO  DownloadUtilityLogger.FileLogger [32] Sources parsing delimiter: , 
2019/51/26 11:51:55,019 INFO  DownloadUtilityLogger.FileLogger [32] LocalDirectory config value: C:\Temp\DownloadedFiles 
2019/52/26 11:52:10,960 INFO  DownloadUtilityLogger.FileLogger [58] Download file ftp://speedtest.tele2.net/5MB.zip completed 
2019/52/26 11:52:10,960 INFO  DownloadUtilityLogger.FileLogger [58] Local path is: C:\Temp\DownloadedFiles for URL: ftp://speedtest.tele2.net/5MB.zip  
2019/52/26 11:52:11,021 INFO  DownloadUtilityLogger.FileLogger [58] Source :ftp://speedtest.tele2.net/5MB.zip saved to the database with status ready for processing 
2019/52/26 11:52:16,899 INFO  DownloadUtilityLogger.FileLogger [32] sources value:  
2019/52/26 11:52:16,899 INFO  DownloadUtilityLogger.FileLogger [32] Delimiter config value: , 
2019/52/26 11:52:16,899 INFO  DownloadUtilityLogger.FileLogger [32] Sources parsing delimiter: , 
2019/52/26 11:52:16,899 INFO  DownloadUtilityLogger.FileLogger [32] LocalDirectory config value: C:\Temp\DownloadedFiles 
2019/55/26 11:55:04,074 INFO  DownloadUtilityLogger.FileLogger [51] sources value:  
2019/55/26 11:55:04,077 INFO  DownloadUtilityLogger.FileLogger [51] Delimiter config value: , 
2019/55/26 11:55:04,077 INFO  DownloadUtilityLogger.FileLogger [51] Sources parsing delimiter: , 
2019/55/26 11:55:04,078 INFO  DownloadUtilityLogger.FileLogger [51] LocalDirectory config value: C:\Temp\DownloadedFiles 
2019/11/26 12:11:25,387 INFO  DownloadUtilityLogger.FileLogger [8] sources value:  
2019/11/26 12:11:25,400 INFO  DownloadUtilityLogger.FileLogger [8] Delimiter config value: , 
2019/11/26 12:11:25,400 INFO  DownloadUtilityLogger.FileLogger [8] Sources parsing delimiter: , 
2019/11/26 12:11:25,400 INFO  DownloadUtilityLogger.FileLogger [8] LocalDirectory config value: C:\Temp\DownloadedFiles 
2019/11/26 12:11:53,441 INFO  DownloadUtilityLogger.FileLogger [8] sources value:  
2019/11/26 12:11:53,441 INFO  DownloadUtilityLogger.FileLogger [8] Delimiter config value: , 
2019/11/26 12:11:53,441 INFO  DownloadUtilityLogger.FileLogger [8] Sources parsing delimiter: , 
2019/11/26 12:11:53,441 INFO  DownloadUtilityLogger.FileLogger [8] LocalDirectory config value: C:\Temp\DownloadedFiles 
2019/13/26 12:13:42,043 INFO  DownloadUtilityLogger.FileLogger [8] sources value:  
2019/13/26 12:13:42,044 INFO  DownloadUtilityLogger.FileLogger [8] Delimiter config value: , 
2019/13/26 12:13:42,044 INFO  DownloadUtilityLogger.FileLogger [8] Sources parsing delimiter: , 
2019/13/26 12:13:42,044 INFO  DownloadUtilityLogger.FileLogger [8] LocalDirectory config value: C:\Temp\DownloadedFiles 
2019/21/26 12:21:37,090 INFO  DownloadUtilityLogger.FileLogger [13] sources value: ftp://speedtest.tele2.net/5MB.zip,https://www.everyarabstudent.com/img2017/top_more_retina.png 
2019/21/26 12:21:37,099 INFO  DownloadUtilityLogger.FileLogger [13] Delimiter config value: , 
2019/21/26 12:21:37,099 INFO  DownloadUtilityLogger.FileLogger [13] Sources parsing delimiter: , 
2019/21/26 12:21:37,099 INFO  DownloadUtilityLogger.FileLogger [13] LocalDirectory config value: C:\Temp\DownloadedFiles 
2019/21/26 12:21:37,099 INFO  DownloadUtilityLogger.FileLogger [13] sourses Urls counts after parsing: 2 
2019/21/26 12:21:37,103 INFO  DownloadUtilityLogger.FileLogger [13] tempFileDirPath: C:\Temp\DownloadedFiles 
2019/21/26 12:21:37,103 INFO  DownloadUtilityLogger.FileLogger [13] tempFileDir object is created. 
2019/21/26 12:21:37,103 INFO  DownloadUtilityLogger.FileLogger [14] tempFileDirPath: C:\Temp\DownloadedFiles 
2019/21/26 12:21:37,103 INFO  DownloadUtilityLogger.FileLogger [14] tempFileDir object is created. 
2019/21/26 12:21:37,872 INFO  DownloadUtilityLogger.FileLogger [14] BufferSize config value: 2048 
2019/21/26 12:21:37,910 INFO  DownloadUtilityLogger.FileLogger [14] Download file https://www.everyarabstudent.com/img2017/top_more_retina.png completed 
2019/21/26 12:21:37,911 INFO  DownloadUtilityLogger.FileLogger [14] Local path is: C:\Temp\DownloadedFiles for URL: https://www.everyarabstudent.com/img2017/top_more_retina.png  
2019/21/26 12:21:38,218 INFO  DownloadUtilityLogger.FileLogger [14] Source :https://www.everyarabstudent.com/img2017/top_more_retina.png saved to the database with status ready for processing 
2019/21/26 12:21:39,744 INFO  DownloadUtilityLogger.FileLogger [13] BufferSize config value: 2048 
2019/22/26 12:22:15,183 INFO  DownloadUtilityLogger.FileLogger [13] Download file ftp://speedtest.tele2.net/5MB.zip completed 
2019/22/26 12:22:15,183 INFO  DownloadUtilityLogger.FileLogger [13] Local path is: C:\Temp\DownloadedFiles for URL: ftp://speedtest.tele2.net/5MB.zip  
2019/22/26 12:22:15,224 INFO  DownloadUtilityLogger.FileLogger [13] Source :ftp://speedtest.tele2.net/5MB.zip saved to the database with status ready for processing 
2019/31/26 12:31:03,331 INFO  DownloadUtilityLogger.FileLogger [14] sources value:  
2019/31/26 12:31:03,331 INFO  DownloadUtilityLogger.FileLogger [14] Delimiter config value: , 
2019/31/26 12:31:03,331 INFO  DownloadUtilityLogger.FileLogger [14] Sources parsing delimiter: , 
2019/31/26 12:31:03,333 INFO  DownloadUtilityLogger.FileLogger [14] LocalDirectory config value: C:\Temp\DownloadedFiles 
2019/30/26 13:30:35,119 INFO  DownloadUtilityLogger.FileLogger [8] sources value: ftp://speedtest.tele2.net/5MB.zip,https://www.everyarabstudent.com/img2017/top_more_retina.png 
2019/30/26 13:30:35,496 INFO  DownloadUtilityLogger.FileLogger [8] Delimiter config value: , 
2019/30/26 13:30:35,808 INFO  DownloadUtilityLogger.FileLogger [8] Sources parsing delimiter: , 
2019/30/26 13:30:36,109 INFO  DownloadUtilityLogger.FileLogger [8] LocalDirectory config value: C:\Temp\DownloadedFiles 
2019/30/26 13:30:36,406 INFO  DownloadUtilityLogger.FileLogger [8] sourses Urls counts after parsing: 2 
2019/30/26 13:30:40,731 INFO  DownloadUtilityLogger.FileLogger [12] tempFileDirPath: C:\Temp\DownloadedFiles 
2019/30/26 13:30:40,732 INFO  DownloadUtilityLogger.FileLogger [12] tempFileDir object is created. 
2019/30/26 13:30:40,732 INFO  DownloadUtilityLogger.FileLogger [8] tempFileDirPath: C:\Temp\DownloadedFiles 
2019/30/26 13:30:40,732 INFO  DownloadUtilityLogger.FileLogger [8] tempFileDir object is created. 
2019/30/26 13:30:41,196 INFO  DownloadUtilityLogger.FileLogger [12] BufferSize config value: 2048 
2019/30/26 13:30:41,210 INFO  DownloadUtilityLogger.FileLogger [12] Download file https://www.everyarabstudent.com/img2017/top_more_retina.png completed 
2019/30/26 13:30:41,210 INFO  DownloadUtilityLogger.FileLogger [12] Local path is: C:\Temp\DownloadedFiles for URL: https://www.everyarabstudent.com/img2017/top_more_retina.png  
2019/30/26 13:30:42,005 INFO  DownloadUtilityLogger.FileLogger [8] BufferSize config value: 2048 
2019/31/26 13:31:12,734 INFO  DownloadUtilityLogger.FileLogger [8] Download file ftp://speedtest.tele2.net/5MB.zip completed 
2019/31/26 13:31:12,734 INFO  DownloadUtilityLogger.FileLogger [8] Local path is: C:\Temp\DownloadedFiles for URL: ftp://speedtest.tele2.net/5MB.zip  
2019/39/26 13:39:20,080 INFO  DownloadUtilityLogger.FileLogger [9] sources value: ftp://speedtest.tele2.net/5MB.zip,https://www.everyarabstudent.com/img2017/top_more_retina.png 
2019/39/26 13:39:20,089 INFO  DownloadUtilityLogger.FileLogger [9] Delimiter config value: , 
2019/39/26 13:39:20,089 INFO  DownloadUtilityLogger.FileLogger [9] Sources parsing delimiter: , 
2019/39/26 13:39:20,089 INFO  DownloadUtilityLogger.FileLogger [9] LocalDirectory config value: C:\Temp\DownloadedFiles 
2019/39/26 13:39:20,089 INFO  DownloadUtilityLogger.FileLogger [9] sourses Urls counts after parsing: 2 
2019/39/26 13:39:20,092 INFO  DownloadUtilityLogger.FileLogger [10] tempFileDirPath: C:\Temp\DownloadedFiles 
2019/39/26 13:39:20,092 INFO  DownloadUtilityLogger.FileLogger [10] tempFileDir object is created. 
2019/39/26 13:39:20,092 INFO  DownloadUtilityLogger.FileLogger [9] tempFileDirPath: C:\Temp\DownloadedFiles 
2019/39/26 13:39:20,092 INFO  DownloadUtilityLogger.FileLogger [9] tempFileDir object is created. 
2019/39/26 13:39:21,003 INFO  DownloadUtilityLogger.FileLogger [10] BufferSize config value: 2048 
2019/39/26 13:39:21,063 INFO  DownloadUtilityLogger.FileLogger [10] Download file https://www.everyarabstudent.com/img2017/top_more_retina.png completed 
2019/39/26 13:39:21,064 INFO  DownloadUtilityLogger.FileLogger [10] Local path is: C:\Temp\DownloadedFiles for URL: https://www.everyarabstudent.com/img2017/top_more_retina.png  
2019/39/26 13:39:26,570 INFO  DownloadUtilityLogger.FileLogger [10] Source :https://www.everyarabstudent.com/img2017/top_more_retina.png saved to the database with status ready for processing 
2019/39/26 13:39:30,540 INFO  DownloadUtilityLogger.FileLogger [9] BufferSize config value: 2048 
2019/40/26 13:40:03,470 INFO  DownloadUtilityLogger.FileLogger [9] Download file ftp://speedtest.tele2.net/5MB.zip completed 
2019/40/26 13:40:03,470 INFO  DownloadUtilityLogger.FileLogger [9] Local path is: C:\Temp\DownloadedFiles for URL: ftp://speedtest.tele2.net/5MB.zip  
2019/40/26 13:40:12,046 INFO  DownloadUtilityLogger.FileLogger [9] Source :ftp://speedtest.tele2.net/5MB.zip saved to the database with status ready for processing 
2019/03/26 14:03:34,039 INFO  DownloadUtilityLogger.FileLogger [9] sources value: ftp://speedtest.tele2.net/5MB.zip,https://www.everyarabstudent.com/img2017/top_more_retina.png 
2019/03/26 14:03:34,047 INFO  DownloadUtilityLogger.FileLogger [9] Delimiter config value: , 
2019/03/26 14:03:34,047 INFO  DownloadUtilityLogger.FileLogger [9] Sources parsing delimiter: , 
2019/03/26 14:03:34,047 INFO  DownloadUtilityLogger.FileLogger [9] LocalDirectory config value: C:\Temp\DownloadedFiles 
2019/03/26 14:03:34,048 INFO  DownloadUtilityLogger.FileLogger [9] sourses Urls counts after parsing: 2 
2019/03/26 14:03:34,051 INFO  DownloadUtilityLogger.FileLogger [9] tempFileDirPath: C:\Temp\DownloadedFiles 
2019/03/26 14:03:34,052 INFO  DownloadUtilityLogger.FileLogger [9] tempFileDir object is created. 
2019/03/26 14:03:34,052 INFO  DownloadUtilityLogger.FileLogger [12] tempFileDirPath: C:\Temp\DownloadedFiles 
2019/03/26 14:03:34,052 INFO  DownloadUtilityLogger.FileLogger [12] tempFileDir object is created. 
2019/03/26 14:03:34,616 INFO  DownloadUtilityLogger.FileLogger [12] BufferSize config value: 2048 
2019/03/26 14:03:34,661 INFO  DownloadUtilityLogger.FileLogger [12] Download file https://www.everyarabstudent.com/img2017/top_more_retina.png completed 
2019/03/26 14:03:34,662 INFO  DownloadUtilityLogger.FileLogger [12] Local path is: C:\Temp\DownloadedFiles for URL: https://www.everyarabstudent.com/img2017/top_more_retina.png  
2019/03/26 14:03:39,144 INFO  DownloadUtilityLogger.FileLogger [12] Source :https://www.everyarabstudent.com/img2017/top_more_retina.png saved to the database with status ready for processing 
2019/03/26 14:03:40,722 INFO  DownloadUtilityLogger.FileLogger [9] BufferSize config value: 2048 
2019/04/26 14:04:14,229 INFO  DownloadUtilityLogger.FileLogger [9] Download file ftp://speedtest.tele2.net/5MB.zip completed 
2019/04/26 14:04:14,230 INFO  DownloadUtilityLogger.FileLogger [9] Local path is: C:\Temp\DownloadedFiles for URL: ftp://speedtest.tele2.net/5MB.zip  
2019/04/26 14:04:17,327 INFO  DownloadUtilityLogger.FileLogger [9] Source :ftp://speedtest.tele2.net/5MB.zip saved to the database with status ready for processing 
2019/05/26 14:05:11,710 INFO  DownloadUtilityLogger.FileLogger [8] sources value: ftp://speedtest.tele2.net/5MB.zip,https://www.everyarabstudent.com/img2017/top_more_retina.png 
2019/05/26 14:05:11,722 INFO  DownloadUtilityLogger.FileLogger [8] Delimiter config value: , 
2019/05/26 14:05:11,722 INFO  DownloadUtilityLogger.FileLogger [8] Sources parsing delimiter: , 
2019/05/26 14:05:11,722 INFO  DownloadUtilityLogger.FileLogger [8] LocalDirectory config value: C:\Temp\DownloadedFiles 
2019/05/26 14:05:11,722 INFO  DownloadUtilityLogger.FileLogger [8] sourses Urls counts after parsing: 2 
2019/05/26 14:05:11,728 INFO  DownloadUtilityLogger.FileLogger [12] tempFileDirPath: C:\Temp\DownloadedFiles 
2019/05/26 14:05:11,728 INFO  DownloadUtilityLogger.FileLogger [12] tempFileDir object is created. 
2019/05/26 14:05:11,729 INFO  DownloadUtilityLogger.FileLogger [10] tempFileDirPath: C:\Temp\DownloadedFiles 
2019/05/26 14:05:11,729 INFO  DownloadUtilityLogger.FileLogger [10] tempFileDir object is created. 
2019/05/26 14:05:12,149 INFO  DownloadUtilityLogger.FileLogger [10] BufferSize config value: 2048 
2019/05/26 14:05:12,169 INFO  DownloadUtilityLogger.FileLogger [10] Download file https://www.everyarabstudent.com/img2017/top_more_retina.png completed 
2019/05/26 14:05:12,169 INFO  DownloadUtilityLogger.FileLogger [10] Local path is: C:\Temp\DownloadedFiles for URL: https://www.everyarabstudent.com/img2017/top_more_retina.png  
2019/05/26 14:05:15,892 INFO  DownloadUtilityLogger.FileLogger [10] Source :https://www.everyarabstudent.com/img2017/top_more_retina.png saved to the database with status ready for processing 
2019/05/26 14:05:16,336 INFO  DownloadUtilityLogger.FileLogger [12] BufferSize config value: 2048 
2019/05/26 14:05:49,555 INFO  DownloadUtilityLogger.FileLogger [12] Download file ftp://speedtest.tele2.net/5MB.zip completed 
2019/05/26 14:05:49,555 INFO  DownloadUtilityLogger.FileLogger [12] Local path is: C:\Temp\DownloadedFiles for URL: ftp://speedtest.tele2.net/5MB.zip  
2019/05/26 14:05:49,581 INFO  DownloadUtilityLogger.FileLogger [12] Source :ftp://speedtest.tele2.net/5MB.zip saved to the database with status ready for processing 
2019/06/26 14:06:05,545 INFO  DownloadUtilityLogger.FileLogger [10] sources value: ftp://speedtest.tele2.net/5MB.zip,https://www.everyarabstudent.com/img2017/top_more_retina.png 
2019/06/26 14:06:05,545 INFO  DownloadUtilityLogger.FileLogger [10] Delimiter config value: , 
2019/06/26 14:06:05,545 INFO  DownloadUtilityLogger.FileLogger [10] Sources parsing delimiter: , 
2019/06/26 14:06:05,545 INFO  DownloadUtilityLogger.FileLogger [10] LocalDirectory config value: C:\Temp\DownloadedFiles 
2019/06/26 14:06:05,545 INFO  DownloadUtilityLogger.FileLogger [10] sourses Urls counts after parsing: 2 
2019/06/26 14:06:05,545 INFO  DownloadUtilityLogger.FileLogger [8] tempFileDirPath: C:\Temp\DownloadedFiles 
2019/06/26 14:06:05,545 INFO  DownloadUtilityLogger.FileLogger [8] tempFileDir object is created. 
2019/06/26 14:06:05,545 INFO  DownloadUtilityLogger.FileLogger [10] tempFileDirPath: C:\Temp\DownloadedFiles 
2019/06/26 14:06:05,545 INFO  DownloadUtilityLogger.FileLogger [10] tempFileDir object is created. 
2019/06/26 14:06:05,630 INFO  DownloadUtilityLogger.FileLogger [10] BufferSize config value: 2048 
2019/06/26 14:06:05,633 INFO  DownloadUtilityLogger.FileLogger [10] Download file https://www.everyarabstudent.com/img2017/top_more_retina.png completed 
2019/06/26 14:06:05,633 INFO  DownloadUtilityLogger.FileLogger [10] Local path is: C:\Temp\DownloadedFiles for URL: https://www.everyarabstudent.com/img2017/top_more_retina.png  
2019/06/26 14:06:05,656 INFO  DownloadUtilityLogger.FileLogger [10] Source :https://www.everyarabstudent.com/img2017/top_more_retina.png saved to the database with status ready for processing 
2019/06/26 14:06:05,908 INFO  DownloadUtilityLogger.FileLogger [8] BufferSize config value: 2048 
2019/06/26 14:06:38,054 INFO  DownloadUtilityLogger.FileLogger [8] Download file ftp://speedtest.tele2.net/5MB.zip completed 
2019/06/26 14:06:38,054 INFO  DownloadUtilityLogger.FileLogger [8] Local path is: C:\Temp\DownloadedFiles for URL: ftp://speedtest.tele2.net/5MB.zip  
2019/06/26 14:06:38,082 INFO  DownloadUtilityLogger.FileLogger [8] Source :ftp://speedtest.tele2.net/5MB.zip saved to the database with status ready for processing 
2019/07/26 14:07:14,832 INFO  DownloadUtilityLogger.FileLogger [10] sources value: ftp://speedtest.tele2.net/5MB.zip,https://www.everyarabstudent.com/img2017/top_more_retina.png 
2019/07/26 14:07:14,832 INFO  DownloadUtilityLogger.FileLogger [10] Delimiter config value: , 
2019/07/26 14:07:14,832 INFO  DownloadUtilityLogger.FileLogger [10] Sources parsing delimiter: , 
2019/07/26 14:07:14,832 INFO  DownloadUtilityLogger.FileLogger [10] LocalDirectory config value: C:\Temp\DownloadedFiles 
2019/07/26 14:07:14,832 INFO  DownloadUtilityLogger.FileLogger [10] sourses Urls counts after parsing: 2 
2019/07/26 14:07:14,832 INFO  DownloadUtilityLogger.FileLogger [10] tempFileDirPath: C:\Temp\DownloadedFiles 
2019/07/26 14:07:14,832 INFO  DownloadUtilityLogger.FileLogger [10] tempFileDir object is created. 
2019/07/26 14:07:14,832 INFO  DownloadUtilityLogger.FileLogger [12] tempFileDirPath: C:\Temp\DownloadedFiles 
2019/07/26 14:07:14,833 INFO  DownloadUtilityLogger.FileLogger [12] tempFileDir object is created. 
2019/07/26 14:07:14,918 INFO  DownloadUtilityLogger.FileLogger [12] BufferSize config value: 2048 
2019/07/26 14:07:14,923 INFO  DownloadUtilityLogger.FileLogger [12] Download file https://www.everyarabstudent.com/img2017/top_more_retina.png completed 
2019/07/26 14:07:14,924 INFO  DownloadUtilityLogger.FileLogger [12] Local path is: C:\Temp\DownloadedFiles for URL: https://www.everyarabstudent.com/img2017/top_more_retina.png  
2019/07/26 14:07:20,732 INFO  DownloadUtilityLogger.FileLogger [12] Source :https://www.everyarabstudent.com/img2017/top_more_retina.png saved to the database with status ready for processing 
2019/07/26 14:07:20,732 INFO  DownloadUtilityLogger.FileLogger [10] BufferSize config value: 2048 
2019/07/26 14:07:52,587 INFO  DownloadUtilityLogger.FileLogger [10] Download file ftp://speedtest.tele2.net/5MB.zip completed 
2019/07/26 14:07:52,587 INFO  DownloadUtilityLogger.FileLogger [10] Local path is: C:\Temp\DownloadedFiles for URL: ftp://speedtest.tele2.net/5MB.zip  
2019/07/26 14:07:55,485 INFO  DownloadUtilityLogger.FileLogger [10] Source :ftp://speedtest.tele2.net/5MB.zip saved to the database with status ready for processing 
2019/32/26 14:32:39,250 INFO  DownloadUtilityLogger.FileLogger [14] sources value: ftp://speedtest.tele2.net/5MB.zip,https://www.everyarabstudent.com/img2017/top_more_retina.png 
2019/32/26 14:32:39,257 INFO  DownloadUtilityLogger.FileLogger [14] Delimiter config value: , 
2019/32/26 14:32:39,257 INFO  DownloadUtilityLogger.FileLogger [14] Sources parsing delimiter: , 
2019/32/26 14:32:39,257 INFO  DownloadUtilityLogger.FileLogger [14] LocalDirectory config value: C:\Temp\DownloadedFiles 
2019/32/26 14:32:39,258 INFO  DownloadUtilityLogger.FileLogger [14] sourses Urls counts after parsing: 2 
2019/32/26 14:32:39,260 INFO  DownloadUtilityLogger.FileLogger [14] tempFileDirPath: C:\Temp\DownloadedFiles 
2019/32/26 14:32:39,260 INFO  DownloadUtilityLogger.FileLogger [14] tempFileDir object is created. 
2019/32/26 14:32:39,260 INFO  DownloadUtilityLogger.FileLogger [17] tempFileDirPath: C:\Temp\DownloadedFiles 
2019/32/26 14:32:39,260 INFO  DownloadUtilityLogger.FileLogger [17] tempFileDir object is created. 
2019/32/26 14:32:39,711 INFO  DownloadUtilityLogger.FileLogger [17] BufferSize config value: 2048 
2019/32/26 14:32:39,724 INFO  DownloadUtilityLogger.FileLogger [17] Download file https://www.everyarabstudent.com/img2017/top_more_retina.png completed 
2019/32/26 14:32:39,724 INFO  DownloadUtilityLogger.FileLogger [17] Local path is: C:\Temp\DownloadedFiles for URL: https://www.everyarabstudent.com/img2017/top_more_retina.png  
2019/32/26 14:32:40,927 INFO  DownloadUtilityLogger.FileLogger [17] Source :https://www.everyarabstudent.com/img2017/top_more_retina.png saved to the database with status ready for processing 
2019/32/26 14:32:42,290 INFO  DownloadUtilityLogger.FileLogger [14] BufferSize config value: 2048 
2019/33/26 14:33:20,111 INFO  DownloadUtilityLogger.FileLogger [14] Download file ftp://speedtest.tele2.net/5MB.zip completed 
2019/33/26 14:33:20,112 INFO  DownloadUtilityLogger.FileLogger [14] Local path is: C:\Temp\DownloadedFiles for URL: ftp://speedtest.tele2.net/5MB.zip  
2019/33/26 14:33:23,809 INFO  DownloadUtilityLogger.FileLogger [14] Source :ftp://speedtest.tele2.net/5MB.zip saved to the database with status ready for processing 
2019/12/26 15:12:39,916 INFO  DownloadUtilityLogger.FileLogger [9] sources value:  
2019/12/26 15:12:39,925 INFO  DownloadUtilityLogger.FileLogger [9] Delimiter config value: , 
2019/12/26 15:12:39,925 INFO  DownloadUtilityLogger.FileLogger [9] Sources parsing delimiter: , 
2019/12/26 15:12:39,925 INFO  DownloadUtilityLogger.FileLogger [9] LocalDirectory config value: C:\Temp\DownloadedFiles 
2019/13/26 15:13:25,081 INFO  DownloadUtilityLogger.FileLogger [19] sources value:  
2019/13/26 15:13:25,081 INFO  DownloadUtilityLogger.FileLogger [19] Delimiter config value: , 
2019/13/26 15:13:25,081 INFO  DownloadUtilityLogger.FileLogger [19] Sources parsing delimiter: , 
2019/13/26 15:13:25,081 INFO  DownloadUtilityLogger.FileLogger [19] LocalDirectory config value: C:\Temp\DownloadedFiles 
2019/14/26 15:14:17,332 INFO  DownloadUtilityLogger.FileLogger [13] sources value:  
2019/14/26 15:14:17,332 INFO  DownloadUtilityLogger.FileLogger [13] Delimiter config value: , 
2019/14/26 15:14:17,332 INFO  DownloadUtilityLogger.FileLogger [13] Sources parsing delimiter: , 
2019/14/26 15:14:17,332 INFO  DownloadUtilityLogger.FileLogger [13] LocalDirectory config value: C:\Temp\DownloadedFiles 
2019/33/26 21:33:32,738 INFO  DownloadUtilityLogger.FileLogger [14] sources value: ftp://speedtest.tele2.net/5MB.zip,https://www.everyarabstudent.com/img2017/top_more_retina.png 
2019/33/26 21:33:32,747 INFO  DownloadUtilityLogger.FileLogger [14] Delimiter config value: , 
2019/33/26 21:33:32,747 INFO  DownloadUtilityLogger.FileLogger [14] Sources parsing delimiter: , 
2019/33/26 21:33:32,747 INFO  DownloadUtilityLogger.FileLogger [14] LocalDirectory config value: C:\Temp\DownloadedFiles 
2019/33/26 21:33:32,747 INFO  DownloadUtilityLogger.FileLogger [14] sourses Urls counts after parsing: 2 
2019/33/26 21:33:32,755 INFO  DownloadUtilityLogger.FileLogger [14] tempFileDirPath: C:\Temp\DownloadedFiles 
2019/33/26 21:33:32,755 INFO  DownloadUtilityLogger.FileLogger [14] tempFileDir object is created. 
2019/33/26 21:33:32,755 INFO  DownloadUtilityLogger.FileLogger [24] tempFileDirPath: C:\Temp\DownloadedFiles 
2019/33/26 21:33:32,755 INFO  DownloadUtilityLogger.FileLogger [24] tempFileDir object is created. 
2019/33/26 21:33:35,212 INFO  DownloadUtilityLogger.FileLogger [24] BufferSize config value: 2048 
2019/33/26 21:33:35,249 INFO  DownloadUtilityLogger.FileLogger [24] Download file https://www.everyarabstudent.com/img2017/top_more_retina.png completed 
2019/33/26 21:33:35,249 INFO  DownloadUtilityLogger.FileLogger [24] Local path is: C:\Temp\DownloadedFiles for URL: https://www.everyarabstudent.com/img2017/top_more_retina.png  
2019/33/26 21:33:35,299 INFO  DownloadUtilityLogger.FileLogger [24] Source :https://www.everyarabstudent.com/img2017/top_more_retina.png saved to the database with status ready for processing 
2019/33/26 21:33:35,613 INFO  DownloadUtilityLogger.FileLogger [14] BufferSize config value: 2048 
2019/35/26 21:35:39,834 INFO  DownloadUtilityLogger.FileLogger [14] Download file ftp://speedtest.tele2.net/5MB.zip completed 
2019/35/26 21:35:39,834 INFO  DownloadUtilityLogger.FileLogger [14] Local path is: C:\Temp\DownloadedFiles for URL: ftp://speedtest.tele2.net/5MB.zip  
2019/35/26 21:35:39,892 INFO  DownloadUtilityLogger.FileLogger [14] Source :ftp://speedtest.tele2.net/5MB.zip saved to the database with status ready for processing 
